<?xml version="1.0" encoding="UTF-8"?>
<!-- Generated by org.testng.reporters.JUnitReportReporter -->
<testsuite hostname="Machine-103" failures="0" tests="2" name="Testpages.TestDirectory" time="7.873" errors="0" timestamp="30 Jul 2019 07:14:51 GMT" skipped="0">
  <testcase classname="Testpages.TestDirectory" name="TestLogin" time="3.630"/>
  <testcase classname="Testpages.TestDirectory" name="test_Directory" time="4.243"/>
</testsuite> <!-- Testpages.TestDirectory -->
