<?xml version="1.0" encoding="UTF-8"?>
<!-- Generated by org.testng.reporters.JUnitReportReporter -->
<testsuite hostname="Machine-239" name="Testpages.Location.Building" tests="1" failures="0" timestamp="16 Jul 2020 11:19:25 GMT" time="15.512" errors="0">
  <testcase name="testBuilding" time="15.512" classname="Testpages.Location.Building"/>
</testsuite> <!-- Testpages.Location.Building -->
