<?xml version="1.0" encoding="UTF-8"?>
<!-- Generated by org.testng.reporters.JUnitReportReporter -->
<testsuite hostname="Machine-239" name="Testpages.Lock.LockGrade" tests="1" failures="0" timestamp="14 Jul 2020 09:46:54 GMT" time="25.304" errors="0">
  <testcase name="testLockGrade" time="25.304" classname="Testpages.Lock.LockGrade"/>
</testsuite> <!-- Testpages.Lock.LockGrade -->
