<?xml version="1.0" encoding="UTF-8"?>
<!-- Generated by org.testng.reporters.JUnitReportReporter -->
<testsuite hostname="Machine-103" failures="0" tests="1" name="Testpages.TestLogin1" time="19.672" errors="0" timestamp="29 Jul 2019 08:55:37 GMT" skipped="0">
  <testcase classname="Testpages.TestLogin1" name="test_login" time="19.672"/>
</testsuite> <!-- Testpages.TestLogin1 -->
