<?xml version="1.0" encoding="UTF-8"?>
<!-- Generated by org.testng.reporters.JUnitReportReporter -->
<testsuite hostname="Machine-103" failures="0" tests="1" name="Testpages.LeaveModuleTest" time="22.212" errors="0" timestamp="29 Jul 2019 09:52:48 GMT" skipped="0">
  <testcase classname="Testpages.LeaveModuleTest" name="test_leave_module" time="22.212"/>
</testsuite> <!-- Testpages.LeaveModuleTest -->
