<?xml version="1.0" encoding="UTF-8"?>
<!-- Generated by org.testng.reporters.JUnitReportReporter -->
<testsuite hostname="Machine-239" name="Testpages.HR.Shift" tests="2" failures="0" timestamp="21 Jul 2020 06:32:46 GMT" time="10.360" errors="0">
  <testcase name="testShift" time="5.485" classname="Testpages.HR.Shift"/>
  <testcase name="testSearchAndDelete" time="4.875" classname="Testpages.HR.Shift"/>
</testsuite> <!-- Testpages.HR.Shift -->
