<?xml version="1.0" encoding="UTF-8"?>
<!-- Generated by org.testng.reporters.JUnitReportReporter -->
<testsuite hostname="Machine-239" name="Testpages.Location.Wings" tests="1" failures="0" timestamp="16 Jul 2020 11:35:41 GMT" time="15.759" errors="0">
  <testcase name="testWings" time="15.759" classname="Testpages.Location.Wings"/>
</testsuite> <!-- Testpages.Location.Wings -->
