<?xml version="1.0" encoding="UTF-8"?>
<!-- Generated by org.testng.reporters.JUnitReportReporter -->
<testsuite hostname="Machine-239" name="Testpages.Lock.LockCore" tests="1" failures="0" timestamp="30 Jul 2020 04:57:47 GMT" time="35.281" errors="0">
  <testcase name="testLockCore" time="35.281" classname="Testpages.Lock.LockCore"/>
</testsuite> <!-- Testpages.Lock.LockCore -->
