<?xml version="1.0" encoding="UTF-8"?>
<!-- Generated by org.testng.reporters.JUnitReportReporter -->
<testsuite hostname="Machine-239" name="Testpages.LockCore" tests="1" failures="0" timestamp="13 Jul 2020 09:45:10 GMT" time="20.535" errors="0">
  <testcase name="testLockCore" time="20.535" classname="Testpages.LockCore"/>
</testsuite> <!-- Testpages.LockCore -->
