<?xml version="1.0" encoding="UTF-8"?>
<!-- Generated by org.testng.reporters.JUnitReportReporter -->
<testsuite hostname="Machine-103" failures="0" tests="1" name="Testpages.TestLoginOrangeHrm" time="24.624" errors="0" timestamp="30 Jul 2019 04:25:39 GMT" skipped="0">
  <testcase classname="Testpages.TestLoginOrangeHrm" name="test_login" time="24.624"/>
</testsuite> <!-- Testpages.TestLoginOrangeHrm -->
