<?xml version="1.0" encoding="UTF-8"?>
<!-- Generated by org.testng.reporters.JUnitReportReporter -->
<testsuite hostname="Machine-103" failures="0" tests="2" name="Testpages.AdminOrangeHrmTest" time="38.663" errors="0" timestamp="30 Jul 2019 06:32:07 GMT" skipped="0">
  <testcase classname="Testpages.AdminOrangeHrmTest" name="CallSetup" time="21.932"/>
  <testcase classname="Testpages.AdminOrangeHrmTest" name="TestAdminModule" time="16.731"/>
</testsuite> <!-- Testpages.AdminOrangeHrmTest -->
