<?xml version="1.0" encoding="UTF-8"?>
<!-- Generated by org.testng.reporters.JUnitReportReporter -->
<testsuite hostname="Machine-103" failures="0" tests="1" name="Testpages.AdminTest2" time="27.438" errors="0" timestamp="29 Jul 2019 10:23:32 GMT" skipped="0">
  <testcase classname="Testpages.AdminTest2" name="test_admin_module" time="27.438"/>
</testsuite> <!-- Testpages.AdminTest2 -->
