<?xml version="1.0" encoding="UTF-8"?>
<!-- Generated by org.testng.reporters.JUnitReportReporter -->
<testsuite hostname="Machine-239" name="Testpages.e2e.e2eLocks" tests="2" failures="0" timestamp="5 Aug 2020 06:48:41 GMT" time="10.857" errors="0">
  <testcase name="testSpecialCoreNumber" time="6.312" classname="Testpages.e2e.e2eLocks"/>
  <testcase name="testSpecialLockCode" time="4.545" classname="Testpages.e2e.e2eLocks"/>
</testsuite> <!-- Testpages.e2e.e2eLocks -->
