<?xml version="1.0" encoding="UTF-8"?>
<!-- Generated by org.testng.reporters.JUnitReportReporter -->
<testsuite hostname="Machine-103" failures="0" tests="2" name="Testpages.Qualification" time="32.687" errors="0" timestamp="30 Jul 2019 09:35:19 GMT" skipped="0">
  <testcase classname="Testpages.Qualification" name="testLogin" time="20.659"/>
  <testcase classname="Testpages.Qualification" name="TestQualification" time="12.028"/>
</testsuite> <!-- Testpages.Qualification -->
