<?xml version="1.0" encoding="UTF-8"?>
<!-- Generated by org.testng.reporters.JUnitReportReporter -->
<testsuite hostname="Machine-239" name="Testpages.Location.Campus" tests="1" failures="0" timestamp="16 Jul 2020 11:07:22 GMT" time="14.866" errors="0">
  <testcase name="testCampus" time="14.866" classname="Testpages.Location.Campus"/>
</testsuite> <!-- Testpages.Location.Campus -->
