<?xml version="1.0" encoding="UTF-8"?>
<!-- Generated by org.testng.reporters.JUnitReportReporter -->
<testsuite hostname="Machine-239" name="Testpages.Admin" tests="3" failures="0" timestamp="9 Jul 2020 05:06:47 GMT" time="17.296" errors="0">
  <testcase name="testAdmin" time="2.380" classname="Testpages.Admin"/>
  <testcase name="testLogin" time="14.291" classname="Testpages.Admin"/>
  <testcase name="testAdduser" time="0.625" classname="Testpages.Admin"/>
</testsuite> <!-- Testpages.Admin -->
