<?xml version="1.0" encoding="UTF-8"?>
<!-- Generated by org.testng.reporters.JUnitReportReporter -->
<testsuite hostname="DESKTOP-PU9SV1T" failures="0" tests="2" name="Testpages.Login" time="53.020" errors="0" timestamp="18 May 2022 09:05:01 GMT" skipped="1">
  <testcase classname="Testpages.Login" name="testLogin" time="53.020"/>
  <testcase classname="Testpages.Login" name="invalidLogin">
    <skipped/>
  </testcase> <!-- invalidLogin -->
</testsuite> <!-- Testpages.Login -->
