<?xml version="1.0" encoding="UTF-8"?>
<!-- Generated by org.testng.reporters.JUnitReportReporter -->
<testsuite hostname="Machine-239" name="Testpages.HR.Employee" tests="1" failures="0" timestamp="23 Jul 2020 09:05:52 GMT" time="29.198" errors="0">
  <testcase name="testEmployee" time="29.198" classname="Testpages.HR.Employee"/>
</testsuite> <!-- Testpages.HR.Employee -->
