<?xml version="1.0" encoding="UTF-8"?>
<!-- Generated by org.testng.reporters.JUnitReportReporter -->
<testsuite hostname="Machine-239" name="Testpages.Location.Floors" tests="1" failures="0" timestamp="16 Jul 2020 11:48:42 GMT" time="15.414" errors="0">
  <testcase name="testFloors" time="15.414" classname="Testpages.Location.Floors"/>
</testsuite> <!-- Testpages.Location.Floors -->
