<?xml version="1.0" encoding="UTF-8"?>
<!-- Generated by org.testng.reporters.JUnitReportReporter -->
<testsuite hostname="Machine-239" name="Testpages.Location.Rooms" tests="1" failures="0" timestamp="16 Jul 2020 12:03:54 GMT" time="16.188" errors="0">
  <testcase name="testFloors" time="16.188" classname="Testpages.Location.Rooms"/>
</testsuite> <!-- Testpages.Location.Rooms -->
