<?xml version="1.0" encoding="UTF-8"?>
<!-- Generated by org.testng.reporters.JUnitReportReporter -->
<testsuite hostname="Machine-239" name="Testpages.e2e.e2eHR" tests="28" failures="0" timestamp="23 Jul 2020 10:46:25 GMT" time="232.745" errors="0">
  <testcase name="testDeleteRoom" time="7.216" classname="Testpages.e2e.e2eHR"/>
  <testcase name="testCreateGSACategory" time="4.747" classname="Testpages.e2e.e2eHR"/>
  <testcase name="testDeleteGSACategory" time="7.266" classname="Testpages.e2e.e2eHR"/>
  <testcase name="testDeleteEmployee" time="7.674" classname="Testpages.e2e.e2eHR"/>
  <testcase name="testDeleteDoor" time="7.331" classname="Testpages.e2e.e2eHR"/>
  <testcase name="testCreateSpaceType" time="4.502" classname="Testpages.e2e.e2eHR"/>
  <testcase name="testCreateFloor" time="4.603" classname="Testpages.e2e.e2eHR"/>
  <testcase name="testCreateDepartment" time="19.652" classname="Testpages.e2e.e2eHR"/>
  <testcase name="testCreateSpace" time="7.259" classname="Testpages.e2e.e2eHR"/>
  <testcase name="testDeletewing" time="7.239" classname="Testpages.e2e.e2eHR"/>
  <testcase name="testDeleteLocation" time="7.279" classname="Testpages.e2e.e2eHR"/>
  <testcase name="testCreateLocation" time="35.526" classname="Testpages.e2e.e2eHR"/>
  <testcase name="testDeleteGSAClass" time="7.453" classname="Testpages.e2e.e2eHR"/>
  <testcase name="testEmployee" time="21.083" classname="Testpages.e2e.e2eHR"/>
  <testcase name="testDeleteFloor" time="7.256" classname="Testpages.e2e.e2eHR"/>
  <testcase name="testSearchAndDelete" time="7.482" classname="Testpages.e2e.e2eHR"/>
  <testcase name="testCreateRoom" time="4.371" classname="Testpages.e2e.e2eHR"/>
  <testcase name="testDeleteSpaceType" time="7.212" classname="Testpages.e2e.e2eHR"/>
  <testcase name="testCreateDoor" time="4.418" classname="Testpages.e2e.e2eHR"/>
  <testcase name="testDeleteSpace" time="7.200" classname="Testpages.e2e.e2eHR"/>
  <testcase name="testCreateShift" time="5.918" classname="Testpages.e2e.e2eHR"/>
  <testcase name="testCreateWing" time="4.449" classname="Testpages.e2e.e2eHR"/>
  <testcase name="testDeleteBuilding" time="7.227" classname="Testpages.e2e.e2eHR"/>
  <testcase name="testDeleteCampus" time="7.605" classname="Testpages.e2e.e2eHR"/>
  <testcase name="testDeleteDepartment" time="7.286" classname="Testpages.e2e.e2eHR"/>
  <testcase name="testCreateCampus" time="4.552" classname="Testpages.e2e.e2eHR"/>
  <testcase name="testCreateGSAClass" time="4.455" classname="Testpages.e2e.e2eHR"/>
  <testcase name="testCreateBuilding" time="4.484" classname="Testpages.e2e.e2eHR"/>
</testsuite> <!-- Testpages.e2e.e2eHR -->
