<?xml version="1.0" encoding="UTF-8"?>
<!-- Generated by org.testng.reporters.JUnitReportReporter -->
<testsuite hostname="Machine-103" failures="0" tests="2" name="Testpages.Logout" time="19.755" errors="0" timestamp="30 Jul 2019 10:26:20 GMT" skipped="0">
  <testcase classname="Testpages.Logout" name="TestLogin" time="18.460"/>
  <testcase classname="Testpages.Logout" name="TestLogout" time="1.295"/>
</testsuite> <!-- Testpages.Logout -->
