<?xml version="1.0" encoding="UTF-8"?>
<!-- Generated by org.testng.reporters.JUnitReportReporter -->
<testsuite hostname="Machine-239" name="Testpages.test" tests="1" failures="0" timestamp="22 Jul 2020 05:34:27 GMT" time="0.024" errors="0">
  <testcase name="test" time="0.024" classname="Testpages.test"/>
</testsuite> <!-- Testpages.test -->
