<?xml version="1.0" encoding="UTF-8"?>
<!-- Generated by org.testng.reporters.JUnitReportReporter -->
<testsuite hostname="Machine-239" name="Testpages.CoreCuts" tests="1" failures="0" timestamp="13 Jul 2020 13:35:31 GMT" time="22.361" errors="0">
  <testcase name="testCoreCuts" time="22.361" classname="Testpages.CoreCuts"/>
</testsuite> <!-- Testpages.CoreCuts -->
