<?xml version="1.0" encoding="UTF-8"?>
<!-- Generated by org.testng.reporters.JUnitReportReporter -->
<testsuite hostname="Machine-239" name="Testpages.CorePin" tests="1" failures="0" timestamp="13 Jul 2020 12:14:25 GMT" time="23.511" errors="0">
  <testcase name="testLockCore" time="23.511" classname="Testpages.CorePin"/>
</testsuite> <!-- Testpages.CorePin -->
