<?xml version="1.0" encoding="UTF-8"?>
<!-- Generated by org.testng.reporters.JUnitReportReporter -->
<testsuite hostname="Machine-239" name="Testpages.Security.Permissions" tests="1" failures="0" timestamp="20 Jul 2020 08:37:43 GMT" time="59.162" errors="0">
  <testcase name="testPermissions" time="59.162" classname="Testpages.Security.Permissions"/>
</testsuite> <!-- Testpages.Security.Permissions -->
