<?xml version="1.0" encoding="UTF-8"?>
<!-- Generated by org.testng.reporters.JUnitReportReporter -->
<testsuite hostname="Machine-239" name="Testpages.Location.Doors" tests="1" failures="0" timestamp="16 Jul 2020 12:50:12 GMT" time="16.043" errors="0">
  <testcase name="testDoors" time="16.043" classname="Testpages.Location.Doors"/>
</testsuite> <!-- Testpages.Location.Doors -->
