<?xml version="1.0" encoding="UTF-8"?>
<!-- Generated by org.testng.reporters.JUnitReportReporter -->
<testsuite hostname="Machine-239" name="Testpages.Location.SpaceTypes" tests="1" failures="0" timestamp="16 Jul 2020 12:21:24 GMT" time="15.461" errors="0">
  <testcase name="testSpaceType" time="15.461" classname="Testpages.Location.SpaceTypes"/>
</testsuite> <!-- Testpages.Location.SpaceTypes -->
