<?xml version="1.0" encoding="UTF-8"?>
<!-- Generated by org.testng.reporters.JUnitReportReporter -->
<testsuite hostname="Machine-239" name="Testpages.LockGrade" tests="1" failures="0" timestamp="13 Jul 2020 07:34:27 GMT" time="24.798" errors="0">
  <testcase name="testLockGrade" time="24.798" classname="Testpages.LockGrade"/>
</testsuite> <!-- Testpages.LockGrade -->
