<?xml version="1.0" encoding="UTF-8"?>
<!-- Generated by org.testng.reporters.JUnitReportReporter -->
<testsuite hostname="Machine-239" name="Testpages.Security.Users" tests="1" failures="0" timestamp="20 Jul 2020 05:07:17 GMT" time="30.817" errors="0">
  <testcase name="testUsers" time="30.817" classname="Testpages.Security.Users"/>
</testsuite> <!-- Testpages.Security.Users -->
