<?xml version="1.0" encoding="UTF-8"?>
<!-- Generated by org.testng.reporters.JUnitReportReporter -->
<testsuite hostname="Machine-103" failures="0" tests="3" name="Testpages.TestHomeOrangeHrm" time="33.217" errors="0" timestamp="25 Jul 2019 09:54:41 GMT">
  <testcase classname="Testpages.TestHomeOrangeHrm" name="ThreadSleep" time="2.013"/>
  <testcase classname="Testpages.TestHomeOrangeHrm" name="test_recruitment" time="14.954"/>
  <testcase classname="Testpages.TestHomeOrangeHrm" name="setup" time="16.250"/>
</testsuite> <!-- Testpages.TestHomeOrangeHrm -->
