<?xml version="1.0" encoding="UTF-8"?>
<!-- Generated by org.testng.reporters.JUnitReportReporter -->
<testsuite hostname="Machine-239" name="Testpages.Location.GSAClass" tests="1" failures="0" timestamp="17 Jul 2020 06:25:32 GMT" time="15.739" errors="0">
  <testcase name="testGSAClass" time="15.739" classname="Testpages.Location.GSAClass"/>
</testsuite> <!-- Testpages.Location.GSAClass -->
