<?xml version="1.0" encoding="UTF-8"?>
<!-- Generated by org.testng.reporters.JUnitReportReporter -->
<testsuite hostname="Machine-239" name="Testpages.HR.Department" tests="1" failures="0" timestamp="22 Jul 2020 05:41:39 GMT" time="29.821" errors="0">
  <testcase name="testDepartment" time="29.821" classname="Testpages.HR.Department"/>
</testsuite> <!-- Testpages.HR.Department -->
