<?xml version="1.0" encoding="UTF-8"?>
<!-- Generated by org.testng.reporters.JUnitReportReporter -->
<testsuite hostname="Machine-239" name="Testpages.Lock.CoreCuts" tests="1" failures="0" timestamp="14 Jul 2020 07:29:53 GMT" time="21.880" errors="0">
  <testcase name="testCoreCuts" time="21.880" classname="Testpages.Lock.CoreCuts"/>
</testsuite> <!-- Testpages.Lock.CoreCuts -->
