<?xml version="1.0" encoding="UTF-8"?>
<!-- Generated by org.testng.reporters.JUnitReportReporter -->
<testsuite hostname="Machine-103" failures="0" tests="2" name="Testpages.Recruitment" time="25.805" errors="0" timestamp="30 Jul 2019 13:24:10 GMT" skipped="0">
  <testcase classname="Testpages.Recruitment" name="testLogin" time="18.468"/>
  <testcase classname="Testpages.Recruitment" name="testRecruitment" time="7.337"/>
</testsuite> <!-- Testpages.Recruitment -->
