<?xml version="1.0" encoding="UTF-8"?>
<!-- Generated by org.testng.reporters.JUnitReportReporter -->
<testsuite hostname="Machine-239" name="Testpages.Security.Groups" tests="1" failures="0" timestamp="20 Jul 2020 06:25:48 GMT" time="23.589" errors="0">
  <testcase name="testGroups" time="23.589" classname="Testpages.Security.Groups"/>
</testsuite> <!-- Testpages.Security.Groups -->
