<?xml version="1.0" encoding="UTF-8"?>
<!-- Generated by org.testng.reporters.JUnitReportReporter -->
<testsuite hostname="Machine-239" name="Testpages.Location.Locations" tests="2" failures="0" timestamp="22 Jul 2020 04:10:09 GMT" time="38.957" errors="0">
  <testcase name="testDeleteLocation" time="6.730" classname="Testpages.Location.Locations"/>
  <testcase name="testCreateLocation" time="32.227" classname="Testpages.Location.Locations"/>
</testsuite> <!-- Testpages.Location.Locations -->
