<?xml version="1.0" encoding="UTF-8"?>
<!-- Generated by org.testng.reporters.JUnitReportReporter -->
<testsuite hostname="Machine-103" failures="0" tests="2" name="Testpages.Directory" time="26.738" errors="0" timestamp="30 Jul 2019 09:18:16 GMT" skipped="0">
  <testcase classname="Testpages.Directory" name="testLogin" time="23.478"/>
  <testcase classname="Testpages.Directory" name="testDirectoryModule" time="3.260"/>
</testsuite> <!-- Testpages.Directory -->
