<?xml version="1.0" encoding="UTF-8"?>
<!-- Generated by org.testng.reporters.JUnitReportReporter -->
<testsuite hostname="Machine-239" name="Testpages.e2e.e2eKeys" tests="12" failures="0" timestamp="10 Aug 2020 12:38:58 GMT" time="92.419" errors="0">
  <testcase name="addKeys" time="21.737" classname="Testpages.e2e.e2eKeys"/>
  <testcase name="deleteKeyType" time="4.175" classname="Testpages.e2e.e2eKeys"/>
  <testcase name="searchFunctioanityKeyCode" time="6.096" classname="Testpages.e2e.e2eKeys"/>
  <testcase name="searchFunctionalitykeyTypes" time="5.855" classname="Testpages.e2e.e2eKeys"/>
  <testcase name="addKeyCode" time="9.418" classname="Testpages.e2e.e2eKeys"/>
  <testcase name="editKeyType" time="6.596" classname="Testpages.e2e.e2eKeys"/>
  <testcase name="editKeys" time="7.612" classname="Testpages.e2e.e2eKeys"/>
  <testcase name="addKeysType" time="8.757" classname="Testpages.e2e.e2eKeys"/>
  <testcase name="deleteKeyCode" time="3.947" classname="Testpages.e2e.e2eKeys"/>
  <testcase name="searchFunctioanityKeys" time="5.915" classname="Testpages.e2e.e2eKeys"/>
  <testcase name="deleteKeys" time="3.959" classname="Testpages.e2e.e2eKeys"/>
  <testcase name="editKeyCode" time="8.352" classname="Testpages.e2e.e2eKeys"/>
</testsuite> <!-- Testpages.e2e.e2eKeys -->
