<?xml version="1.0" encoding="UTF-8"?>
<!-- Generated by org.testng.reporters.JUnitReportReporter -->
<testsuite hostname="Machine-103" failures="0" tests="1" name="Testpages.TestQualification" time="18.519" errors="0" timestamp="29 Jul 2019 12:20:03 GMT" skipped="0">
  <testcase classname="Testpages.TestQualification" name="test_module" time="18.519"/>
</testsuite> <!-- Testpages.TestQualification -->
