<?xml version="1.0" encoding="UTF-8"?>
<!-- Generated by org.testng.reporters.JUnitReportReporter -->
<testsuite hostname="Machine-239" name="Testpages.Location.Space" tests="1" failures="0" timestamp="21 Jul 2020 12:25:49 GMT" time="21.823" errors="0">
  <testcase name="testSpace" time="21.823" classname="Testpages.Location.Space"/>
</testsuite> <!-- Testpages.Location.Space -->
