<?xml version="1.0" encoding="UTF-8"?>
<!-- Generated by org.testng.reporters.JUnitReportReporter -->
<testsuite hostname="Machine-239" name="Testpages.Lock.PinTypes" tests="1" failures="0" timestamp="15 Jul 2020 06:05:51 GMT" time="15.624" errors="0">
  <testcase name="testPinType" time="15.624" classname="Testpages.Lock.PinTypes"/>
</testsuite> <!-- Testpages.Lock.PinTypes -->
