<?xml version="1.0" encoding="UTF-8"?>
<!-- Generated by org.testng.reporters.JUnitReportReporter -->
<testsuite skipped="1" hostname="DESKTOP-PU9SV1T" name="Testpages.Login" tests="2" failures="0" timestamp="2022-05-17T11:27:48 IST" time="160.974" errors="0">
  <testcase name="testLogin" time="160.974" classname="Testpages.Login"/>
  <system-out/>
  <testcase name="invalidLogin" classname="Testpages.Login">
    <skipped/>
  </testcase> <!-- invalidLogin -->
  <system-out/>
</testsuite> <!-- Testpages.Login -->
